{
"contracts/Voting.sol":{"l":{"45":51,"46":45,"54":4,"58":13,"65":23,"66":21,"68":19,"69":19,"83":18,"84":16,"87":14,"88":14,"89":14,"90":14,"96":10,"97":8,"98":6,"100":4,"101":4,"102":4,"104":4,"135":6,"136":6,"137":6,"141":2,"142":2,"143":2,"147":2,"148":2,"149":2,"153":1,"154":1,"155":1,"184":3,"185":1,"186":1,"187":2,"188":1,"191":1,"193":1,"194":1},"path":"/home/eden/truffletest/contracts/Voting.sol","s":{"1":51,"2":4,"3":13,"4":23,"5":21,"6":19,"7":19,"8":18,"9":16,"10":14,"11":14,"12":14,"13":14,"14":10,"15":8,"16":6,"17":4,"18":4,"19":4,"20":6,"21":6,"22":6,"23":2,"24":2,"25":2,"26":2,"27":2,"28":2,"29":1,"30":1,"31":1,"32":3,"33":1,"34":1,"35":2,"36":1,"37":1,"38":1,"39":1},"b":{"1":[45,6],"2":[21,2],"3":[19,2],"4":[16,2],"5":[14,2],"6":[8,2],"7":[6,2],"8":[4,2],"9":[6,0],"10":[2,0],"11":[2,0],"12":[1,0],"13":[1,2],"14":[1,1]},"f":{"1":51,"2":4,"3":13,"4":23,"5":18,"6":10,"7":6,"8":2,"9":2,"10":1,"11":3},"fnMap":{"1":{"name":"onlyVoters","line":44,"loc":{"start":{"line":44,"column":4},"end":{"line":47,"column":4}}},"2":{"name":"getVoter","line":53,"loc":{"start":{"line":53,"column":4},"end":{"line":55,"column":4}}},"3":{"name":"getOneProposal","line":57,"loc":{"start":{"line":57,"column":4},"end":{"line":59,"column":4}}},"4":{"name":"addVoter","line":64,"loc":{"start":{"line":64,"column":4},"end":{"line":70,"column":4}}},"5":{"name":"addProposal","line":82,"loc":{"start":{"line":82,"column":4},"end":{"line":91,"column":4}}},"6":{"name":"setVote","line":95,"loc":{"start":{"line":95,"column":4},"end":{"line":105,"column":4}}},"7":{"name":"startProposalsRegistering","line":134,"loc":{"start":{"line":134,"column":4},"end":{"line":138,"column":4}}},"8":{"name":"endProposalsRegistering","line":140,"loc":{"start":{"line":140,"column":4},"end":{"line":144,"column":4}}},"9":{"name":"startVotingSession","line":146,"loc":{"start":{"line":146,"column":4},"end":{"line":150,"column":4}}},"10":{"name":"endVotingSession","line":152,"loc":{"start":{"line":152,"column":4},"end":{"line":156,"column":4}}},"11":{"name":"tallyVotes","line":183,"loc":{"start":{"line":183,"column":3},"end":{"line":195,"column":4}}}},"statementMap":{"1":{"start":{"line":45,"column":8},"end":{"line":45,"column":69}},"2":{"start":{"line":54,"column":8},"end":{"line":54,"column":28}},"3":{"start":{"line":58,"column":8},"end":{"line":58,"column":34}},"4":{"start":{"line":65,"column":8},"end":{"line":65,"column":105}},"5":{"start":{"line":66,"column":8},"end":{"line":66,"column":72}},"6":{"start":{"line":68,"column":8},"end":{"line":68,"column":40}},"7":{"start":{"line":69,"column":8},"end":{"line":69,"column":35}},"8":{"start":{"line":83,"column":8},"end":{"line":83,"column":110}},"9":{"start":{"line":84,"column":8},"end":{"line":84,"column":112}},"10":{"start":{"line":87,"column":8},"end":{"line":87,"column":32}},"11":{"start":{"line":88,"column":8},"end":{"line":88,"column":35}},"12":{"start":{"line":89,"column":8},"end":{"line":89,"column":36}},"13":{"start":{"line":90,"column":8},"end":{"line":90,"column":56}},"14":{"start":{"line":96,"column":8},"end":{"line":96,"column":106}},"15":{"start":{"line":97,"column":8},"end":{"line":97,"column":77}},"16":{"start":{"line":98,"column":8},"end":{"line":98,"column":66}},"17":{"start":{"line":100,"column":8},"end":{"line":100,"column":47}},"18":{"start":{"line":101,"column":8},"end":{"line":101,"column":41}},"19":{"start":{"line":104,"column":8},"end":{"line":104,"column":35}},"20":{"start":{"line":135,"column":8},"end":{"line":135,"column":111}},"21":{"start":{"line":136,"column":8},"end":{"line":136,"column":67}},"22":{"start":{"line":137,"column":8},"end":{"line":137,"column":112}},"23":{"start":{"line":141,"column":8},"end":{"line":141,"column":121}},"24":{"start":{"line":142,"column":8},"end":{"line":142,"column":65}},"25":{"start":{"line":143,"column":8},"end":{"line":143,"column":121}},"26":{"start":{"line":147,"column":8},"end":{"line":147,"column":122}},"27":{"start":{"line":148,"column":8},"end":{"line":148,"column":59}},"28":{"start":{"line":149,"column":8},"end":{"line":149,"column":113}},"29":{"start":{"line":153,"column":8},"end":{"line":153,"column":106}},"30":{"start":{"line":154,"column":8},"end":{"line":154,"column":57}},"31":{"start":{"line":155,"column":8},"end":{"line":155,"column":105}},"32":{"start":{"line":184,"column":7},"end":{"line":184,"column":112}},"33":{"start":{"line":185,"column":7},"end":{"line":185,"column":30}},"34":{"start":{"line":186,"column":6},"end":{"line":186,"column":7075}},"35":{"start":{"line":187,"column":11},"end":{"line":187,"column":7143}},"36":{"start":{"line":188,"column":15},"end":{"line":188,"column":36}},"37":{"start":{"line":191,"column":7},"end":{"line":191,"column":44}},"38":{"start":{"line":193,"column":7},"end":{"line":193,"column":50}},"39":{"start":{"line":194,"column":7},"end":{"line":194,"column":96}}},"branchMap":{"1":{"line":45,"type":"if","locations":[{"start":{"line":45,"column":8},"end":{"line":45,"column":8}},{"start":{"line":45,"column":8},"end":{"line":45,"column":8}}]},"2":{"line":65,"type":"if","locations":[{"start":{"line":65,"column":8},"end":{"line":65,"column":8}},{"start":{"line":65,"column":8},"end":{"line":65,"column":8}}]},"3":{"line":66,"type":"if","locations":[{"start":{"line":66,"column":8},"end":{"line":66,"column":8}},{"start":{"line":66,"column":8},"end":{"line":66,"column":8}}]},"4":{"line":83,"type":"if","locations":[{"start":{"line":83,"column":8},"end":{"line":83,"column":8}},{"start":{"line":83,"column":8},"end":{"line":83,"column":8}}]},"5":{"line":84,"type":"if","locations":[{"start":{"line":84,"column":8},"end":{"line":84,"column":8}},{"start":{"line":84,"column":8},"end":{"line":84,"column":8}}]},"6":{"line":96,"type":"if","locations":[{"start":{"line":96,"column":8},"end":{"line":96,"column":8}},{"start":{"line":96,"column":8},"end":{"line":96,"column":8}}]},"7":{"line":97,"type":"if","locations":[{"start":{"line":97,"column":8},"end":{"line":97,"column":8}},{"start":{"line":97,"column":8},"end":{"line":97,"column":8}}]},"8":{"line":98,"type":"if","locations":[{"start":{"line":98,"column":8},"end":{"line":98,"column":8}},{"start":{"line":98,"column":8},"end":{"line":98,"column":8}}]},"9":{"line":135,"type":"if","locations":[{"start":{"line":135,"column":8},"end":{"line":135,"column":8}},{"start":{"line":135,"column":8},"end":{"line":135,"column":8}}]},"10":{"line":141,"type":"if","locations":[{"start":{"line":141,"column":8},"end":{"line":141,"column":8}},{"start":{"line":141,"column":8},"end":{"line":141,"column":8}}]},"11":{"line":147,"type":"if","locations":[{"start":{"line":147,"column":8},"end":{"line":147,"column":8}},{"start":{"line":147,"column":8},"end":{"line":147,"column":8}}]},"12":{"line":153,"type":"if","locations":[{"start":{"line":153,"column":8},"end":{"line":153,"column":8}},{"start":{"line":153,"column":8},"end":{"line":153,"column":8}}]},"13":{"line":184,"type":"if","locations":[{"start":{"line":184,"column":7},"end":{"line":184,"column":7}},{"start":{"line":184,"column":7},"end":{"line":184,"column":7}}]},"14":{"line":187,"type":"if","locations":[{"start":{"line":187,"column":11},"end":{"line":187,"column":11}},{"start":{"line":187,"column":11},"end":{"line":187,"column":11}}]}}}}
