TN:
SF:/home/eden/truffletest/contracts/Voting.sol
FN:44,onlyVoters
FN:53,getVoter
FN:57,getOneProposal
FN:64,addVoter
FN:82,addProposal
FN:95,setVote
FN:134,startProposalsRegistering
FN:140,endProposalsRegistering
FN:146,startVotingSession
FN:152,endVotingSession
FN:183,tallyVotes
FNF:11
FNH:11
FNDA:51,onlyVoters
FNDA:4,getVoter
FNDA:13,getOneProposal
FNDA:23,addVoter
FNDA:18,addProposal
FNDA:10,setVote
FNDA:6,startProposalsRegistering
FNDA:2,endProposalsRegistering
FNDA:2,startVotingSession
FNDA:1,endVotingSession
FNDA:3,tallyVotes
DA:45,51
DA:46,45
DA:54,4
DA:58,13
DA:65,23
DA:66,21
DA:68,19
DA:69,19
DA:83,18
DA:84,16
DA:87,14
DA:88,14
DA:89,14
DA:90,14
DA:96,10
DA:97,8
DA:98,6
DA:100,4
DA:101,4
DA:102,4
DA:104,4
DA:135,6
DA:136,6
DA:137,6
DA:141,2
DA:142,2
DA:143,2
DA:147,2
DA:148,2
DA:149,2
DA:153,1
DA:154,1
DA:155,1
DA:184,3
DA:185,1
DA:186,1
DA:187,2
DA:188,1
DA:191,1
DA:193,1
DA:194,1
LF:41
LH:41
BRDA:45,1,0,45
BRDA:45,1,1,6
BRDA:65,2,0,21
BRDA:65,2,1,2
BRDA:66,3,0,19
BRDA:66,3,1,2
BRDA:83,4,0,16
BRDA:83,4,1,2
BRDA:84,5,0,14
BRDA:84,5,1,2
BRDA:96,6,0,8
BRDA:96,6,1,2
BRDA:97,7,0,6
BRDA:97,7,1,2
BRDA:98,8,0,4
BRDA:98,8,1,2
BRDA:135,9,0,6
BRDA:135,9,1,0
BRDA:141,10,0,2
BRDA:141,10,1,0
BRDA:147,11,0,2
BRDA:147,11,1,0
BRDA:153,12,0,1
BRDA:153,12,1,0
BRDA:184,13,0,1
BRDA:184,13,1,2
BRDA:187,14,0,1
BRDA:187,14,1,1
BRF:28
BRH:24
end_of_record
